MIF/HEX Update report for maze
Wed Nov 21 00:29:19 2018
Quartus Prime Version 18.1.0 Build 625 09/12/2018 SJ Lite Edition


---------------------
; Table of Contents ;
---------------------
  1. Legal Notice
  2. MIF/HEX Update Summary
  3. MIF/HEX Update Processed Files
  4. MIF/HEX Update Messages



----------------
; Legal Notice ;
----------------
Copyright (C) 2018  Intel Corporation. All rights reserved.
Your use of Intel Corporation's design tools, logic functions 
and other software and tools, and its AMPP partner logic 
functions, and any output files from any of the foregoing 
(including device programming or simulation files), and any 
associated documentation or information are expressly subject 
to the terms and conditions of the Intel Program License 
Subscription Agreement, the Intel Quartus Prime License Agreement,
the Intel FPGA IP License Agreement, or other applicable license
agreement, including, without limitation, that your use is for
the sole purpose of programming logic devices manufactured by
Intel and sold by Intel or its authorized distributors.  Please
refer to the applicable agreement for further details.



+---------------------------------------------------------------+
; MIF/HEX Update Summary                                        ;
+-----------------------+---------------------------------------+
; MIF/HEX Update Status ; Successful - Wed Nov 21 00:29:19 2018 ;
; Revision Name         ; maze                                  ;
; Top-level Entity Name ; maze                                  ;
; Family                ; Cyclone V                             ;
; Device                ; 5CSEMA5F31C6                          ;
+-----------------------+---------------------------------------+


+-----------------------------------------------------------------+
; MIF/HEX Update Processed Files                                  ;
+-----------------------------------------------------------------+
; File Name                                                       ;
+-----------------------------------------------------------------+
; C:/Users/siamr/OneDrive/Desktop/Maze Game Final/src/bg3.mif     ;
; C:/Users/siamr/OneDrive/Desktop/Maze Game Final/src/mapdata.mif ;
+-----------------------------------------------------------------+


+-------------------------+
; MIF/HEX Update Messages ;
+-------------------------+
Info: *******************************************************************
Info: Running Quartus Prime MIF/HEX Update
    Info: Version 18.1.0 Build 625 09/12/2018 SJ Lite Edition
    Info: Processing started: Wed Nov 21 00:29:15 2018
Info: Command: quartus_cdb maze -c maze --update_mif
Warning (113018): Width of data items in "bg3.mif" is greater than the memory width. Truncating data items to fit in memory. File: C:/Users/siamr/OneDrive/Desktop/Maze Game Final/src/bg3.mif Line: 5
Info (39024): Processed the following Memory Initialization File(s)
    Info (39025): Processed Memory Initialization File C:/Users/siamr/OneDrive/Desktop/Maze Game Final/src/bg3.mif File: C:/Users/siamr/OneDrive/Desktop/Maze Game Final/src/bg3.mif Line: 0
    Info (39025): Processed Memory Initialization File C:/Users/siamr/OneDrive/Desktop/Maze Game Final/src/mapdata.mif File: C:/Users/siamr/OneDrive/Desktop/Maze Game Final/src/mapdata.mif Line: 0
Info: Quartus Prime MIF/HEX Update was successful. 0 errors, 1 warning
    Info: Peak virtual memory: 4938 megabytes
    Info: Processing ended: Wed Nov 21 00:29:19 2018
    Info: Elapsed time: 00:00:04
    Info: Total CPU time (on all processors): 00:00:04


